# JRE version: OpenJDK Runtime Environment (17.0.10) (build 17.0.10+0--11572160)
# Java VM: OpenJDK 64-Bit Server VM (17.0.10+0--11572160, mixed mode, tiered, compressed oops, compressed class ptrs, g1 gc, windows-amd64)
GC Precious Log:
 CPUs: 12 total, 12 available
 Memory: 5966M
 Large Page Support: Disabled
 NUMA Support: Disabled
 Compressed Oops: Enabled (32-bit)
 Heap Region Size: 1M
 Heap Min Capacity: 8M
 Heap Initial Capacity: 94M
 Heap Max Capacity: 2G
 Pre-touch: Disabled
 Parallel Workers: 10
 Concurrent Workers: 3
 Concurrent Refinement Workers: 10
 Periodic GC: Disabled
Heap:
 garbage-first heap   total 450560K, used 194895K [0x0000000080000000, 0x0000000100000000)
  region size 1024K, 6 young (6144K), 6 survivors (6144K)
 Metaspace       used 181998K, committed 184512K, reserved 1245184K
  class space    used 23652K, committed 25152K, reserved 1048576K
GC Heap History (20 events):
Event: 11398.362 GC heap after
{Heap after GC invocations=114 (full 2):
 garbage-first heap   total 450560K, used 156132K [0x0000000080000000, 0x0000000100000000)
  region size 1024K, 5 young (5120K), 5 survivors (5120K)
 Metaspace       used 181102K, committed 183552K, reserved 1245184K
  class space    used 23575K, committed 25024K, reserved 1048576K
}
Event: 11411.098 GC heap before
{Heap before GC invocations=115 (full 2):
 garbage-first heap   total 450560K, used 316900K [0x0000000080000000, 0x0000000100000000)
  region size 1024K, 150 young (153600K), 5 survivors (5120K)
 Metaspace       used 189526K, committed 191424K, reserved 1245184K
  class space    used 24508K, committed 25408K, reserved 1048576K
}
Event: 11411.159 GC heap after
{Heap after GC invocations=116 (full 2):
 garbage-first heap   total 450560K, used 162579K [0x0000000080000000, 0x0000000100000000)
  region size 1024K, 8 young (8192K), 8 survivors (8192K)
 Metaspace       used 189526K, committed 191424K, reserved 1245184K
  class space    used 24508K, committed 25408K, reserved 1048576K
}
Event: 11419.846 GC heap before
{Heap before GC invocations=116 (full 2):
 garbage-first heap   total 450560K, used 175891K [0x0000000080000000, 0x0000000100000000)
  region size 1024K, 22 young (22528K), 8 survivors (8192K)
 Metaspace       used 189538K, committed 191424K, reserved 1245184K
  class space    used 24511K, committed 25408K, reserved 1048576K
}
Event: 11419.887 GC heap after
{Heap after GC invocations=117 (full 2):
 garbage-first heap   total 450560K, used 160434K [0x0000000080000000, 0x0000000100000000)
  region size 1024K, 2 young (2048K), 2 survivors (2048K)
 Metaspace       used 189538K, committed 191424K, reserved 1245184K
  class space    used 24511K, committed 25408K, reserved 1048576K
}
Event: 11420.733 GC heap before
{Heap before GC invocations=117 (full 2):
 garbage-first heap   total 450560K, used 183986K [0x0000000080000000, 0x0000000100000000)
  region size 1024K, 26 young (26624K), 2 survivors (2048K)
 Metaspace       used 189578K, committed 191424K, reserved 1245184K
  class space    used 24512K, committed 25408K, reserved 1048576K
}
Event: 11420.812 GC heap after
{Heap after GC invocations=118 (full 2):
 garbage-first heap   total 450560K, used 161406K [0x0000000080000000, 0x0000000100000000)
  region size 1024K, 3 young (3072K), 3 survivors (3072K)
 Metaspace       used 189578K, committed 191424K, reserved 1245184K
  class space    used 24512K, committed 25408K, reserved 1048576K
}
Event: 11437.671 GC heap before
{Heap before GC invocations=119 (full 2):
 garbage-first heap   total 450560K, used 384638K [0x0000000080000000, 0x0000000100000000)
  region size 1024K, 210 young (215040K), 3 survivors (3072K)
 Metaspace       used 191655K, committed 193600K, reserved 1245184K
  class space    used 24807K, committed 25728K, reserved 1048576K
}
Event: 11437.726 GC heap after
{Heap after GC invocations=120 (full 2):
 garbage-first heap   total 450560K, used 180780K [0x0000000080000000, 0x0000000100000000)
  region size 1024K, 18 young (18432K), 18 survivors (18432K)
 Metaspace       used 191655K, committed 193600K, reserved 1245184K
  class space    used 24807K, committed 25728K, reserved 1048576K
}
Event: 11437.778 GC heap before
{Heap before GC invocations=120 (full 2):
 garbage-first heap   total 450560K, used 184876K [0x0000000080000000, 0x0000000100000000)
  region size 1024K, 22 young (22528K), 18 survivors (18432K)
 Metaspace       used 191921K, committed 193856K, reserved 1245184K
  class space    used 24838K, committed 25728K, reserved 1048576K
}
Event: 11437.837 GC heap after
{Heap after GC invocations=121 (full 2):
 garbage-first heap   total 450560K, used 178488K [0x0000000080000000, 0x0000000100000000)
  region size 1024K, 2 young (2048K), 2 survivors (2048K)
 Metaspace       used 191921K, committed 193856K, reserved 1245184K
  class space    used 24838K, committed 25728K, reserved 1048576K
}
Event: 11441.484 GC heap before
{Heap before GC invocations=121 (full 2):
 garbage-first heap   total 450560K, used 307512K [0x0000000080000000, 0x0000000100000000)
  region size 1024K, 129 young (132096K), 2 survivors (2048K)
 Metaspace       used 195909K, committed 197888K, reserved 1245184K
  class space    used 25502K, committed 26432K, reserved 1048576K
}
Event: 11441.505 GC heap after
{Heap after GC invocations=122 (full 2):
 garbage-first heap   total 450560K, used 184462K [0x0000000080000000, 0x0000000100000000)
  region size 1024K, 8 young (8192K), 8 survivors (8192K)
 Metaspace       used 195909K, committed 197888K, reserved 1245184K
  class space    used 25502K, committed 26432K, reserved 1048576K
}
Event: 11446.020 GC heap before
{Heap before GC invocations=123 (full 2):
 garbage-first heap   total 450560K, used 367758K [0x0000000080000000, 0x0000000100000000)
  region size 1024K, 184 young (188416K), 8 survivors (8192K)
 Metaspace       used 195985K, committed 197888K, reserved 1245184K
  class space    used 25528K, committed 26432K, reserved 1048576K
}
Event: 11446.250 GC heap after
{Heap after GC invocations=124 (full 2):
 garbage-first heap   total 450560K, used 196899K [0x0000000080000000, 0x0000000100000000)
  region size 1024K, 18 young (18432K), 18 survivors (18432K)
 Metaspace       used 195985K, committed 197888K, reserved 1245184K
  class space    used 25528K, committed 26432K, reserved 1048576K
}
Event: 11446.292 GC heap before
{Heap before GC invocations=124 (full 2):
 garbage-first heap   total 450560K, used 199971K [0x0000000080000000, 0x0000000100000000)
  region size 1024K, 22 young (22528K), 18 survivors (18432K)
 Metaspace       used 196007K, committed 197952K, reserved 1245184K
  class space    used 25534K, committed 26432K, reserved 1048576K
}
Event: 11446.436 GC heap after
{Heap after GC invocations=125 (full 2):
 garbage-first heap   total 450560K, used 194378K [0x0000000080000000, 0x0000000100000000)
  region size 1024K, 3 young (3072K), 3 survivors (3072K)
 Metaspace       used 196007K, committed 197952K, reserved 1245184K
  class space    used 25534K, committed 26432K, reserved 1048576K
}
Event: 11446.555 GC heap before
{Heap before GC invocations=125 (full 2):
 garbage-first heap   total 450560K, used 207690K [0x0000000080000000, 0x0000000100000000)
  region size 1024K, 18 young (18432K), 3 survivors (3072K)
 Metaspace       used 196063K, committed 197952K, reserved 1245184K
  class space    used 25537K, committed 26432K, reserved 1048576K
}
Event: 11446.573 GC heap after
{Heap after GC invocations=126 (full 2):
 garbage-first heap   total 450560K, used 193498K [0x0000000080000000, 0x0000000100000000)
  region size 1024K, 2 young (2048K), 2 survivors (2048K)
 Metaspace       used 196063K, committed 197952K, reserved 1245184K
  class space    used 25537K, committed 26432K, reserved 1048576K
}
Event: 12220.508 GC heap before
{Heap before GC invocations=127 (full 2):
 garbage-first heap   total 450560K, used 393178K [0x0000000080000000, 0x0000000100000000)
  region size 1024K, 175 young (179200K), 2 survivors (2048K)
 Metaspace       used 181998K, committed 184512K, reserved 1245184K
  class space    used 23652K, committed 25152K, reserved 1048576K
}

