# JRE version: Java(TM) SE Runtime Environment (18.0.1.1+2) (build 18.0.1.1+2-6)
# Java VM: Java HotSpot(TM) 64-Bit Server VM (18.0.1.1+2-6, mixed mode, sharing, tiered, compressed oops, compressed class ptrs, g1 gc, windows-amd64)
GC Precious Log:
 CardTable entry size: 512
 Card Set container configuration: InlinePtr #cards 5 size 8 Array Of Cards #cards 12 size 40 Howl #buckets 4 coarsen threshold 1843 Howl Bitmap #cards 512 size 80 coarsen threshold 460 Card regions per heap region 1 cards per card region 2048
 CPUs: 12 total, 12 available
 Memory: 5966M
 Large Page Support: Disabled
 NUMA Support: Disabled
 Compressed Oops: Enabled (32-bit)
 Heap Region Size: 1M
 Heap Min Capacity: 8M
 Heap Initial Capacity: 94M
 Heap Max Capacity: 2G
 Pre-touch: Disabled
 Parallel Workers: 10
 Concurrent Workers: 3
 Concurrent Refinement Workers: 10
 Periodic GC: Disabled
Heap:
 garbage-first heap   total 344064K, used 198011K [0x0000000080000000, 0x0000000100000000)
  region size 1024K, 61 young (62464K), 15 survivors (15360K)
 Metaspace       used 141832K, committed 144128K, reserved 1179648K
  class space    used 17829K, committed 19072K, reserved 1048576K
GC Heap History (20 events):
Event: 61.037 GC heap before
{Heap before GC invocations=52 (full 0):
 garbage-first heap   total 140288K, used 88315K [0x0000000080000000, 0x0000000100000000)
  region size 1024K, 6 young (6144K), 3 survivors (3072K)
 Metaspace       used 99869K, committed 101760K, reserved 1179648K
  class space    used 12762K, committed 13760K, reserved 1048576K
}
Event: 61.044 GC heap after
{Heap after GC invocations=53 (full 0):
 garbage-first heap   total 140288K, used 79601K [0x0000000080000000, 0x0000000100000000)
  region size 1024K, 1 young (1024K), 1 survivors (1024K)
 Metaspace       used 99869K, committed 101760K, reserved 1179648K
  class space    used 12762K, committed 13760K, reserved 1048576K
}
Event: 64.314 GC heap before
{Heap before GC invocations=53 (full 0):
 garbage-first heap   total 140288K, used 111345K [0x0000000080000000, 0x0000000100000000)
  region size 1024K, 33 young (33792K), 1 survivors (1024K)
 Metaspace       used 103913K, committed 105856K, reserved 1179648K
  class space    used 13410K, committed 14400K, reserved 1048576K
}
Event: 64.342 GC heap after
{Heap after GC invocations=54 (full 0):
 garbage-first heap   total 140288K, used 81159K [0x0000000080000000, 0x0000000100000000)
  region size 1024K, 2 young (2048K), 2 survivors (2048K)
 Metaspace       used 103913K, committed 105856K, reserved 1179648K
  class space    used 13410K, committed 14400K, reserved 1048576K
}
Event: 66.341 GC heap before
{Heap before GC invocations=55 (full 0):
 garbage-first heap   total 140288K, used 113927K [0x0000000080000000, 0x0000000100000000)
  region size 1024K, 34 young (34816K), 2 survivors (2048K)
 Metaspace       used 106853K, committed 108864K, reserved 1179648K
  class space    used 13754K, committed 14784K, reserved 1048576K
}
Event: 66.348 GC heap after
{Heap after GC invocations=56 (full 0):
 garbage-first heap   total 140288K, used 84166K [0x0000000080000000, 0x0000000100000000)
  region size 1024K, 5 young (5120K), 5 survivors (5120K)
 Metaspace       used 106853K, committed 108864K, reserved 1179648K
  class space    used 13754K, committed 14784K, reserved 1048576K
}
Event: 66.353 GC heap before
{Heap before GC invocations=56 (full 0):
 garbage-first heap   total 140288K, used 85190K [0x0000000080000000, 0x0000000100000000)
  region size 1024K, 6 young (6144K), 5 survivors (5120K)
 Metaspace       used 106854K, committed 108864K, reserved 1179648K
  class space    used 13754K, committed 14784K, reserved 1048576K
}
Event: 66.363 GC heap after
{Heap after GC invocations=57 (full 0):
 garbage-first heap   total 140288K, used 74774K [0x0000000080000000, 0x0000000100000000)
  region size 1024K, 1 young (1024K), 1 survivors (1024K)
 Metaspace       used 106854K, committed 108864K, reserved 1179648K
  class space    used 13754K, committed 14784K, reserved 1048576K
}
Event: 66.635 GC heap before
{Heap before GC invocations=57 (full 0):
 garbage-first heap   total 140288K, used 80918K [0x0000000080000000, 0x0000000100000000)
  region size 1024K, 8 young (8192K), 1 survivors (1024K)
 Metaspace       used 106921K, committed 108928K, reserved 1179648K
  class space    used 13756K, committed 14784K, reserved 1048576K
}
Event: 66.660 GC heap after
{Heap after GC invocations=58 (full 0):
 garbage-first heap   total 344064K, used 76175K [0x0000000080000000, 0x0000000100000000)
  region size 1024K, 2 young (2048K), 2 survivors (2048K)
 Metaspace       used 106921K, committed 108928K, reserved 1179648K
  class space    used 13756K, committed 14784K, reserved 1048576K
}
Event: 89.388 GC heap before
{Heap before GC invocations=58 (full 0):
 garbage-first heap   total 344064K, used 250255K [0x0000000080000000, 0x0000000100000000)
  region size 1024K, 172 young (176128K), 2 survivors (2048K)
 Metaspace       used 120418K, committed 122496K, reserved 1179648K
  class space    used 15264K, committed 16384K, reserved 1048576K
}
Event: 89.425 GC heap after
{Heap after GC invocations=59 (full 0):
 garbage-first heap   total 344064K, used 91632K [0x0000000080000000, 0x0000000100000000)
  region size 1024K, 17 young (17408K), 17 survivors (17408K)
 Metaspace       used 120418K, committed 122496K, reserved 1179648K
  class space    used 15264K, committed 16384K, reserved 1048576K
}
Event: 97.374 GC heap before
{Heap before GC invocations=59 (full 0):
 garbage-first heap   total 344064K, used 253424K [0x0000000080000000, 0x0000000100000000)
  region size 1024K, 166 young (169984K), 17 survivors (17408K)
 Metaspace       used 121650K, committed 123712K, reserved 1179648K
  class space    used 15370K, committed 16448K, reserved 1048576K
}
Event: 97.436 GC heap after
{Heap after GC invocations=60 (full 0):
 garbage-first heap   total 344064K, used 111098K [0x0000000080000000, 0x0000000100000000)
  region size 1024K, 21 young (21504K), 21 survivors (21504K)
 Metaspace       used 121650K, committed 123712K, reserved 1179648K
  class space    used 15370K, committed 16448K, reserved 1048576K
}
Event: 107.934 GC heap before
{Heap before GC invocations=60 (full 0):
 garbage-first heap   total 344064K, used 267770K [0x0000000080000000, 0x0000000100000000)
  region size 1024K, 158 young (161792K), 21 survivors (21504K)
 Metaspace       used 125524K, committed 127616K, reserved 1179648K
  class space    used 15807K, committed 16896K, reserved 1048576K
}
Event: 107.967 GC heap after
{Heap after GC invocations=61 (full 0):
 garbage-first heap   total 344064K, used 133941K [0x0000000080000000, 0x0000000100000000)
  region size 1024K, 10 young (10240K), 10 survivors (10240K)
 Metaspace       used 125524K, committed 127616K, reserved 1179648K
  class space    used 15807K, committed 16896K, reserved 1048576K
}
Event: 121.061 GC heap before
{Heap before GC invocations=61 (full 0):
 garbage-first heap   total 344064K, used 271157K [0x0000000080000000, 0x0000000100000000)
  region size 1024K, 139 young (142336K), 10 survivors (10240K)
 Metaspace       used 135388K, committed 137664K, reserved 1179648K
  class space    used 17036K, committed 18240K, reserved 1048576K
}
Event: 121.075 GC heap after
{Heap after GC invocations=62 (full 0):
 garbage-first heap   total 344064K, used 142411K [0x0000000080000000, 0x0000000100000000)
  region size 1024K, 17 young (17408K), 17 survivors (17408K)
 Metaspace       used 135388K, committed 137664K, reserved 1179648K
  class space    used 17036K, committed 18240K, reserved 1048576K
}
Event: 130.626 GC heap before
{Heap before GC invocations=62 (full 0):
 garbage-first heap   total 344064K, used 276555K [0x0000000080000000, 0x0000000100000000)
  region size 1024K, 143 young (146432K), 17 survivors (17408K)
 Metaspace       used 141754K, committed 144064K, reserved 1179648K
  class space    used 17829K, committed 19072K, reserved 1048576K
}
Event: 130.758 GC heap after
{Heap after GC invocations=63 (full 0):
 garbage-first heap   total 344064K, used 152955K [0x0000000080000000, 0x0000000100000000)
  region size 1024K, 15 young (15360K), 15 survivors (15360K)
 Metaspace       used 141754K, committed 144064K, reserved 1179648K
  class space    used 17829K, committed 19072K, reserved 1048576K
}

