# JRE version: OpenJDK Runtime Environment (17.0.10) (build 17.0.10+0--11572160)
# Java VM: OpenJDK 64-Bit Server VM (17.0.10+0--11572160, mixed mode, tiered, compressed oops, compressed class ptrs, g1 gc, windows-amd64)
GC Precious Log:
 CPUs: 12 total, 12 available
 Memory: 5966M
 Large Page Support: Disabled
 NUMA Support: Disabled
 Compressed Oops: Enabled (32-bit)
 Heap Region Size: 1M
 Heap Min Capacity: 8M
 Heap Initial Capacity: 94M
 Heap Max Capacity: 2G
 Pre-touch: Disabled
 Parallel Workers: 10
 Concurrent Workers: 3
 Concurrent Refinement Workers: 10
 Periodic GC: Disabled
Heap:
 garbage-first heap   total 284672K, used 136475K [0x0000000080000000, 0x0000000100000000)
  region size 1024K, 8 young (8192K), 8 survivors (8192K)
 Metaspace       used 112031K, committed 112768K, reserved 1179648K
  class space    used 15331K, committed 15680K, reserved 1048576K
GC Heap History (20 events):
Event: 18.818 GC heap after
{Heap after GC invocations=28 (full 0):
 garbage-first heap   total 109568K, used 54632K [0x0000000080000000, 0x0000000100000000)
  region size 1024K, 4 young (4096K), 4 survivors (4096K)
 Metaspace       used 61843K, committed 62400K, reserved 1114112K
  class space    used 8436K, committed 8704K, reserved 1048576K
}
Event: 19.338 GC heap before
{Heap before GC invocations=29 (full 0):
 garbage-first heap   total 109568K, used 92416K [0x0000000080000000, 0x0000000100000000)
  region size 1024K, 35 young (35840K), 4 survivors (4096K)
 Metaspace       used 62178K, committed 62720K, reserved 1114112K
  class space    used 8483K, committed 8768K, reserved 1048576K
}
Event: 19.345 GC heap after
{Heap after GC invocations=30 (full 0):
 garbage-first heap   total 284672K, used 65089K [0x0000000080000000, 0x0000000100000000)
  region size 1024K, 5 young (5120K), 5 survivors (5120K)
 Metaspace       used 62178K, committed 62720K, reserved 1114112K
  class space    used 8483K, committed 8768K, reserved 1048576K
}
Event: 19.582 GC heap before
{Heap before GC invocations=30 (full 0):
 garbage-first heap   total 284672K, used 78401K [0x0000000080000000, 0x0000000100000000)
  region size 1024K, 13 young (13312K), 5 survivors (5120K)
 Metaspace       used 62416K, committed 62976K, reserved 1114112K
  class space    used 8526K, committed 8768K, reserved 1048576K
}
Event: 19.588 GC heap after
{Heap after GC invocations=31 (full 0):
 garbage-first heap   total 284672K, used 71736K [0x0000000080000000, 0x0000000100000000)
  region size 1024K, 2 young (2048K), 2 survivors (2048K)
 Metaspace       used 62416K, committed 62976K, reserved 1114112K
  class space    used 8526K, committed 8768K, reserved 1048576K
}
Event: 23.628 GC heap before
{Heap before GC invocations=31 (full 0):
 garbage-first heap   total 284672K, used 236600K [0x0000000080000000, 0x0000000100000000)
  region size 1024K, 156 young (159744K), 2 survivors (2048K)
 Metaspace       used 75909K, committed 76544K, reserved 1179648K
  class space    used 10211K, committed 10496K, reserved 1048576K
}
Event: 23.655 GC heap after
{Heap after GC invocations=32 (full 0):
 garbage-first heap   total 284672K, used 83665K [0x0000000080000000, 0x0000000100000000)
  region size 1024K, 11 young (11264K), 11 survivors (11264K)
 Metaspace       used 75909K, committed 76544K, reserved 1179648K
  class space    used 10211K, committed 10496K, reserved 1048576K
}
Event: 27.071 GC heap before
{Heap before GC invocations=32 (full 0):
 garbage-first heap   total 284672K, used 230097K [0x0000000080000000, 0x0000000100000000)
  region size 1024K, 150 young (153600K), 11 survivors (11264K)
 Metaspace       used 84380K, committed 85056K, reserved 1179648K
  class space    used 11350K, committed 11648K, reserved 1048576K
}
Event: 27.167 GC heap after
{Heap after GC invocations=33 (full 0):
 garbage-first heap   total 284672K, used 97324K [0x0000000080000000, 0x0000000100000000)
  region size 1024K, 18 young (18432K), 18 survivors (18432K)
 Metaspace       used 84380K, committed 85056K, reserved 1179648K
  class space    used 11350K, committed 11648K, reserved 1048576K
}
Event: 30.497 GC heap before
{Heap before GC invocations=33 (full 0):
 garbage-first heap   total 284672K, used 229420K [0x0000000080000000, 0x0000000100000000)
  region size 1024K, 146 young (149504K), 18 survivors (18432K)
 Metaspace       used 93579K, committed 94272K, reserved 1179648K
  class space    used 12850K, committed 13184K, reserved 1048576K
}
Event: 30.546 GC heap after
{Heap after GC invocations=34 (full 0):
 garbage-first heap   total 284672K, used 102364K [0x0000000080000000, 0x0000000100000000)
  region size 1024K, 15 young (15360K), 15 survivors (15360K)
 Metaspace       used 93579K, committed 94272K, reserved 1179648K
  class space    used 12850K, committed 13184K, reserved 1048576K
}
Event: 33.674 GC heap before
{Heap before GC invocations=34 (full 0):
 garbage-first heap   total 284672K, used 231388K [0x0000000080000000, 0x0000000100000000)
  region size 1024K, 141 young (144384K), 15 survivors (15360K)
 Metaspace       used 98202K, committed 98944K, reserved 1179648K
  class space    used 13522K, committed 13888K, reserved 1048576K
}
Event: 33.732 GC heap after
{Heap after GC invocations=35 (full 0):
 garbage-first heap   total 284672K, used 112195K [0x0000000080000000, 0x0000000100000000)
  region size 1024K, 18 young (18432K), 18 survivors (18432K)
 Metaspace       used 98202K, committed 98944K, reserved 1179648K
  class space    used 13522K, committed 13888K, reserved 1048576K
}
Event: 35.993 GC heap before
{Heap before GC invocations=35 (full 0):
 garbage-first heap   total 284672K, used 190019K [0x0000000080000000, 0x0000000100000000)
  region size 1024K, 95 young (97280K), 18 survivors (18432K)
 Metaspace       used 103137K, committed 103936K, reserved 1179648K
  class space    used 14246K, committed 14656K, reserved 1048576K
}
Event: 36.042 GC heap after
{Heap after GC invocations=36 (full 0):
 garbage-first heap   total 284672K, used 117781K [0x0000000080000000, 0x0000000100000000)
  region size 1024K, 7 young (7168K), 7 survivors (7168K)
 Metaspace       used 103137K, committed 103936K, reserved 1179648K
  class space    used 14246K, committed 14656K, reserved 1048576K
}
Event: 39.640 GC heap before
{Heap before GC invocations=37 (full 0):
 garbage-first heap   total 284672K, used 234517K [0x0000000080000000, 0x0000000100000000)
  region size 1024K, 117 young (119808K), 7 survivors (7168K)
 Metaspace       used 109851K, committed 110656K, reserved 1179648K
  class space    used 14988K, committed 15360K, reserved 1048576K
}
Event: 39.732 GC heap after
{Heap after GC invocations=38 (full 0):
 garbage-first heap   total 284672K, used 129282K [0x0000000080000000, 0x0000000100000000)
  region size 1024K, 15 young (15360K), 15 survivors (15360K)
 Metaspace       used 109851K, committed 110656K, reserved 1179648K
  class space    used 14988K, committed 15360K, reserved 1048576K
}
Event: 39.832 GC heap before
{Heap before GC invocations=38 (full 0):
 garbage-first heap   total 284672K, used 129282K [0x0000000080000000, 0x0000000100000000)
  region size 1024K, 16 young (16384K), 15 survivors (15360K)
 Metaspace       used 109876K, committed 110656K, reserved 1179648K
  class space    used 14992K, committed 15360K, reserved 1048576K
}
Event: 39.907 GC heap after
{Heap after GC invocations=39 (full 0):
 garbage-first heap   total 284672K, used 130331K [0x0000000080000000, 0x0000000100000000)
  region size 1024K, 2 young (2048K), 2 survivors (2048K)
 Metaspace       used 109876K, committed 110656K, reserved 1179648K
  class space    used 14992K, committed 15360K, reserved 1048576K
}
Event: 42.190 GC heap before
{Heap before GC invocations=39 (full 0):
 garbage-first heap   total 284672K, used 227611K [0x0000000080000000, 0x0000000100000000)
  region size 1024K, 98 young (100352K), 2 survivors (2048K)
 Metaspace       used 112031K, committed 112768K, reserved 1179648K
  class space    used 15331K, committed 15680K, reserved 1048576K
}

